Arguments: 
  /usr/bin/node /usr/share/yarn/bin/yarn.js add @types/react-schemaorg

PATH: 
  /home/ringo/development/flutter/bin:/home/ringo/repos/github/ringodev/dotfiles/scripts:/usr/local/sbin:/usr/local/bin:/usr/sbin:/usr/bin:/sbin:/bin:/usr/games:/usr/local/games:/snap/bin

Yarn version: 
  1.22.5

Node version: 
  12.18.2

Platform: 
  linux x64

Trace: 
  Error: https://registry.yarnpkg.com/@types%2freact-schemaorg: Not found
      at Request.params.callback [as _callback] (/usr/share/yarn/lib/cli.js:66988:18)
      at Request.self.callback (/usr/share/yarn/lib/cli.js:140749:22)
      at Request.emit (events.js:315:20)
      at Request.<anonymous> (/usr/share/yarn/lib/cli.js:141721:10)
      at Request.emit (events.js:315:20)
      at IncomingMessage.<anonymous> (/usr/share/yarn/lib/cli.js:141643:12)
      at Object.onceWrapper (events.js:421:28)
      at IncomingMessage.emit (events.js:327:22)
      at endReadableNT (_stream_readable.js:1221:12)
      at processTicksAndRejections (internal/process/task_queues.js:84:21)

npm manifest: 
  {
    "dependencies": {
      "react-schemaorg": "^1.3.1"
    }
  }

yarn manifest: 
  No manifest

Lockfile: 
  # THIS IS AN AUTOGENERATED FILE. DO NOT EDIT THIS FILE DIRECTLY.
  # yarn lockfile v1
  
  
  react-schemaorg@^1.3.1:
    version "1.3.1"
    resolved "https://registry.yarnpkg.com/react-schemaorg/-/react-schemaorg-1.3.1.tgz#75dd1eb9fd74bcaf57db1b100a2b50f34506b3b3"
    integrity sha512-bYlb2PppiwZZsIC+TqVUCTj8SiFiaNy7BLlg0lLJrLA5phNxuEH/i0rVOcXdyNU2d2EBYJLktEc0iwBQ/de/XQ==
